2022-03-23 19:46:47,915:INFO:PyCaret Supervised Module
2022-03-23 19:46:47,916:INFO:ML Usecase: classification
2022-03-23 19:46:47,916:INFO:version 2.2.3
2022-03-23 19:46:47,916:INFO:Initializing setup()
2022-03-23 19:46:47,916:INFO:setup(target=0      1
1      0
2      1
3      0
4      1
      ..
763    0
764    0
765    0
766    1
767    0
Name: Outcome, Length: 768, dtype: int64, ml_usecase=classification, available_plots={'parameter': 'Hyperparameters', 'auc': 'AUC', 'confusion_matrix': 'Confusion Matrix', 'threshold': 'Threshold', 'pr': 'Precision Recall', 'error': 'Prediction Error', 'class_report': 'Class Report', 'rfe': 'Feature Selection', 'learning': 'Learning Curve', 'manifold': 'Manifold Learning', 'calibration': 'Calibration Curve', 'vc': 'Validation Curve', 'dimension': 'Dimensions', 'feature': 'Feature Importance', 'feature_all': 'Feature Importance (All)', 'boundary': 'Decision Boundary', 'lift': 'Lift Chart', 'gain': 'Gain Chart', 'tree': 'Decision Tree'}, train_size=0.7, test_data=None, preprocess=True, imputation_type=simple, iterative_imputation_iters=5, categorical_features=None, categorical_imputation=constant, categorical_iterative_imputer=lightgbm, ordinal_features=None, high_cardinality_features=None, high_cardinality_method=frequency, numeric_features=None, numeric_imputation=mean, numeric_iterative_imputer=lightgbm, date_features=None, ignore_features=None, normalize=False, normalize_method=zscore, transformation=False, transformation_method=yeo-johnson, handle_unknown_categorical=True, unknown_categorical_method=least_frequent, pca=False, pca_method=linear, pca_components=None, ignore_low_variance=False, combine_rare_levels=False, rare_level_threshold=0.1, bin_numeric_features=None, remove_outliers=False, outliers_threshold=0.05, remove_multicollinearity=False, multicollinearity_threshold=0.9, remove_perfect_collinearity=True, create_clusters=False, cluster_iter=20, polynomial_features=False, polynomial_degree=2, trigonometry_features=False, polynomial_threshold=0.1, group_features=None, group_names=None, feature_selection=False, feature_selection_threshold=0.8, feature_selection_method=classic, feature_interaction=False, feature_ratio=False, interaction_threshold=0.01, fix_imbalance=False, fix_imbalance_method=None, transform_target=False, transform_target_method=box-cox, data_split_shuffle=True, data_split_stratify=False, fold_strategy=stratifiedkfold, fold=10, fold_shuffle=False, fold_groups=None, n_jobs=-1, use_gpu=False, custom_pipeline=None, html=False, session_id=None, log_experiment=True, experiment_name=diabete, log_plots=False, log_profile=False, log_data=False, silent=True, verbose=True, profile=False, profile_kwargs=None, display=None)
2022-03-23 19:46:47,951:INFO:Checking environment
2022-03-23 19:46:47,951:INFO:python_version: 3.8.8
2022-03-23 19:46:47,951:INFO:python_build: ('default', 'Apr 13 2021 15:08:03')
2022-03-23 19:46:47,951:INFO:machine: AMD64
2022-03-23 19:46:47,952:INFO:platform: Windows-10-10.0.19041-SP0
2022-03-23 19:46:47,952:INFO:Memory: svmem(total=16969424896, available=9259622400, percent=45.4, used=7709802496, free=9259622400)
2022-03-23 19:46:47,952:INFO:Physical Core: 4
2022-03-23 19:46:47,952:INFO:Logical Core: 8
2022-03-23 19:46:47,952:INFO:Checking libraries
2022-03-23 19:46:47,953:INFO:pd==1.2.4
2022-03-23 19:46:47,953:INFO:numpy==1.20.1
2022-03-23 19:46:47,953:INFO:sklearn==0.24.1
2022-03-23 19:46:48,005:INFO:xgboost==1.5.1
2022-03-23 19:46:48,005:INFO:lightgbm==3.3.2
2022-03-23 19:46:48,054:INFO:catboost==1.0.4
2022-03-23 19:46:49,544:INFO:mlflow==1.24.0
2022-03-23 19:46:49,545:INFO:Checking Exceptions
